{
  "stats": {
    "suites": 1,
    "tests": 7,
    "passes": 7,
    "pending": 0,
    "failures": 0,
    "start": "2022-12-25T21:13:43.697Z",
    "end": "2022-12-25T21:13:44.213Z",
    "duration": 516,
    "testsRegistered": 7,
    "passPercent": 100,
    "pendingPercent": 0,
    "other": 0,
    "hasOther": false,
    "skipped": 0,
    "hasSkipped": false
  },
  "results": [
    {
      "uuid": "ebfb3463-04d6-4fad-aa31-f7158b56defa",
      "title": "",
      "fullFile": "cypress/integration/produtos.spec.js",
      "file": "cypress/integration/produtos.spec.js",
      "beforeHooks": [],
      "afterHooks": [],
      "tests": [],
      "suites": [
        {
          "uuid": "0a502fef-c80b-46b7-82ee-b93700669a69",
          "title": "Testes da Funcionalidade Produtos",
          "fullFile": "",
          "file": "",
          "beforeHooks": [],
          "afterHooks": [],
          "tests": [
            {
              "title": "Deve validar contrato de produtos",
              "fullTitle": "Testes da Funcionalidade Produtos Deve validar contrato de produtos",
              "timedOut": null,
              "duration": 136,
              "state": "passed",
              "speed": "slow",
              "pass": true,
              "fail": false,
              "pending": false,
              "context": null,
              "code": "cy.request('produtos').then(response => {\n  return _produtos.default.validateAsync(response.body);\n});",
              "err": {},
              "uuid": "beb37ec1-1550-4f72-98a5-ef4dbae903fc",
              "parentUUID": "0a502fef-c80b-46b7-82ee-b93700669a69",
              "isHook": false,
              "skipped": false
            },
            {
              "title": "Deve listar os produtos cadastrados",
              "fullTitle": "Testes da Funcionalidade Produtos Deve listar os produtos cadastrados",
              "timedOut": null,
              "duration": 45,
              "state": "passed",
              "speed": "medium",
              "pass": true,
              "fail": false,
              "pending": false,
              "context": null,
              "code": "cy.request({\n  method: 'GET',\n  url: 'produtos'\n}).then(response => {\n  //expect(response.body.produtos[9].nome).to.equal('Produto EBAC 436746')\n  expect(response.status).to.equal(200);\n  expect(response.body).to.have.property('produtos');\n  expect(response.duration).to.be.lessThan(200);\n});",
              "err": {},
              "uuid": "6e21b859-c53e-491b-8f27-d814fc6c97db",
              "parentUUID": "0a502fef-c80b-46b7-82ee-b93700669a69",
              "isHook": false,
              "skipped": false
            },
            {
              "title": "Deve cadastrar um produto com sucesso",
              "fullTitle": "Testes da Funcionalidade Produtos Deve cadastrar um produto com sucesso",
              "timedOut": null,
              "duration": 58,
              "state": "passed",
              "speed": "medium",
              "pass": true,
              "fail": false,
              "pending": false,
              "context": null,
              "code": "let produto = `Produto EBAC ${Math.floor(Math.random() * 100000000)}`;\ncy.request({\n  method: 'POST',\n  url: 'produtos',\n  body: {\n    \"nome\": produto,\n    \"preco\": 200,\n    \"descricao\": \"Produto novo\",\n    \"quantidade\": 100\n  },\n  headers: {\n    authorization: token\n  }\n}).then(response => {\n  expect(response.status).to.equal(201);\n  expect(response.body.message).to.equal('Cadastro realizado com sucesso');\n});",
              "err": {},
              "uuid": "e4c1dd2b-4274-4ce8-ae5c-2db2b8c471ae",
              "parentUUID": "0a502fef-c80b-46b7-82ee-b93700669a69",
              "isHook": false,
              "skipped": false
            },
            {
              "title": "Deve validar mensagem de erro ao cadastrar produto repetido",
              "fullTitle": "Testes da Funcionalidade Produtos Deve validar mensagem de erro ao cadastrar produto repetido",
              "timedOut": null,
              "duration": 29,
              "state": "passed",
              "speed": "fast",
              "pass": true,
              "fail": false,
              "pending": false,
              "context": null,
              "code": "cy.cadastrarProduto(token, 'Produto EBAC Novo 1', 250, \"Descrição do produto novo\", 180).then(response => {\n  expect(response.status).to.equal(400);\n  expect(response.body.message).to.equal('Já existe produto com esse nome');\n});",
              "err": {},
              "uuid": "9034ccbc-bf8b-4afa-9dc6-4482052e60ca",
              "parentUUID": "0a502fef-c80b-46b7-82ee-b93700669a69",
              "isHook": false,
              "skipped": false
            },
            {
              "title": "Deve editar um produto já cadastrado",
              "fullTitle": "Testes da Funcionalidade Produtos Deve editar um produto já cadastrado",
              "timedOut": null,
              "duration": 55,
              "state": "passed",
              "speed": "medium",
              "pass": true,
              "fail": false,
              "pending": false,
              "context": null,
              "code": "cy.request('produtos').then(response => {\n  let id = response.body.produtos[0]._id;\n  cy.request({\n    method: 'PUT',\n    url: `produtos/${id}`,\n    headers: {\n      authorization: token\n    },\n    body: {\n      \"nome\": response.body.produtos[0].nome + \"_new\",\n      \"preco\": 100,\n      \"descricao\": \"Produto editado\",\n      \"quantidade\": 100\n    }\n  }).then(response => {\n    expect(response.body.message).to.equal('Registro alterado com sucesso');\n  });\n});",
              "err": {},
              "uuid": "20a27c31-e642-4ebb-87f6-44626f89eec0",
              "parentUUID": "0a502fef-c80b-46b7-82ee-b93700669a69",
              "isHook": false,
              "skipped": false
            },
            {
              "title": "Deve editar um produto cadastrado previamente",
              "fullTitle": "Testes da Funcionalidade Produtos Deve editar um produto cadastrado previamente",
              "timedOut": null,
              "duration": 61,
              "state": "passed",
              "speed": "medium",
              "pass": true,
              "fail": false,
              "pending": false,
              "context": null,
              "code": "let produto = `Produto EBAC ${Math.floor(Math.random() * 100000000)}`;\ncy.cadastrarProduto(token, produto, 250, \"Descrição do produto novo\", 180).then(response => {\n  let id = response.body._id;\n  cy.request({\n    method: 'PUT',\n    url: `produtos/${id}`,\n    headers: {\n      authorization: token\n    },\n    body: {\n      \"nome\": `Produto alterado PUT ${Math.floor(Math.random() * 100000000)}`,\n      \"preco\": 200,\n      \"descricao\": \"Produto editado\",\n      \"quantidade\": 300\n    }\n  }).then(response => {\n    expect(response.body.message).to.equal('Registro alterado com sucesso');\n  });\n});",
              "err": {},
              "uuid": "4ca6bc6c-1a62-4d15-b4ae-e37186c66911",
              "parentUUID": "0a502fef-c80b-46b7-82ee-b93700669a69",
              "isHook": false,
              "skipped": false
            },
            {
              "title": "Deve deletar um produto previamente cadastrado",
              "fullTitle": "Testes da Funcionalidade Produtos Deve deletar um produto previamente cadastrado",
              "timedOut": null,
              "duration": 62,
              "state": "passed",
              "speed": "medium",
              "pass": true,
              "fail": false,
              "pending": false,
              "context": null,
              "code": "let produto = `Produto EBAC ${Math.floor(Math.random() * 100000000)}`;\ncy.cadastrarProduto(token, produto, 250, \"Descrição do produto novo\", 180).then(response => {\n  let id = response.body._id;\n  cy.request({\n    method: 'DELETE',\n    url: `produtos/${id}`,\n    headers: {\n      authorization: token\n    }\n  }).then(response => {\n    expect(response.body.message).to.equal('Registro excluído com sucesso');\n    expect(response.status).to.equal(200);\n  });\n});",
              "err": {},
              "uuid": "6bbb5c45-0d44-4341-b7a1-aab28403c3f9",
              "parentUUID": "0a502fef-c80b-46b7-82ee-b93700669a69",
              "isHook": false,
              "skipped": false
            }
          ],
          "suites": [],
          "passes": [
            "beb37ec1-1550-4f72-98a5-ef4dbae903fc",
            "6e21b859-c53e-491b-8f27-d814fc6c97db",
            "e4c1dd2b-4274-4ce8-ae5c-2db2b8c471ae",
            "9034ccbc-bf8b-4afa-9dc6-4482052e60ca",
            "20a27c31-e642-4ebb-87f6-44626f89eec0",
            "4ca6bc6c-1a62-4d15-b4ae-e37186c66911",
            "6bbb5c45-0d44-4341-b7a1-aab28403c3f9"
          ],
          "failures": [],
          "pending": [],
          "skipped": [],
          "duration": 446,
          "root": false,
          "rootEmpty": false,
          "_timeout": 2000
        }
      ],
      "passes": [],
      "failures": [],
      "pending": [],
      "skipped": [],
      "duration": 0,
      "root": true,
      "rootEmpty": true,
      "_timeout": 2000
    }
  ],
  "meta": {
    "mocha": {
      "version": "7.0.1"
    },
    "mochawesome": {
      "options": {
        "quiet": false,
        "reportFilename": "mochawesome",
        "saveHtml": false,
        "saveJson": true,
        "consoleReporter": "spec",
        "useInlineDiffs": false,
        "code": true
      },
      "version": "7.1.3"
    },
    "marge": {
      "options": {
        "reportDir": "mochawesome-report",
        "overwrite": false,
        "html": false,
        "json": true
      },
      "version": "6.2.0"
    }
  }
}