{
  "stats": {
    "suites": 1,
    "tests": 6,
    "passes": 5,
    "pending": 0,
    "failures": 1,
    "start": "2022-12-24T21:13:32.983Z",
    "end": "2022-12-24T21:13:34.817Z",
    "duration": 1834,
    "testsRegistered": 6,
    "passPercent": 83.33333333333334,
    "pendingPercent": 0,
    "other": 0,
    "hasOther": false,
    "skipped": 0,
    "hasSkipped": false
  },
  "results": [
    {
      "uuid": "6eff30c6-b51c-4266-9a4c-81cda801ced1",
      "title": "",
      "fullFile": "cypress/integration/exercicio-api.spec.js",
      "file": "cypress/integration/exercicio-api.spec.js",
      "beforeHooks": [],
      "afterHooks": [],
      "tests": [],
      "suites": [
        {
          "uuid": "e35f4269-f59d-49c2-994e-1baa4ea9824f",
          "title": "Testes da Funcionalidade Usuários",
          "fullFile": "",
          "file": "",
          "beforeHooks": [],
          "afterHooks": [],
          "tests": [
            {
              "title": "Deve validar contrato de usuários",
              "fullTitle": "Testes da Funcionalidade Usuários Deve validar contrato de usuários",
              "timedOut": null,
              "duration": 449,
              "state": "passed",
              "speed": "slow",
              "pass": true,
              "fail": false,
              "pending": false,
              "context": null,
              "code": "cy.request('usuarios').then(response => {\n  return _usuarios.default.validateAsync(response.body);\n});",
              "err": {},
              "uuid": "763de0e5-5131-4171-ba52-74f929bb25e8",
              "parentUUID": "e35f4269-f59d-49c2-994e-1baa4ea9824f",
              "isHook": false,
              "skipped": false
            },
            {
              "title": "Deve listar usuários cadastrados",
              "fullTitle": "Testes da Funcionalidade Usuários Deve listar usuários cadastrados",
              "timedOut": null,
              "duration": 848,
              "state": "failed",
              "speed": null,
              "pass": false,
              "fail": true,
              "pending": false,
              "context": null,
              "code": "cy.request({\n  method: 'GET',\n  url: 'usuarios'\n}).then(response => {\n  expect(response.status).to.equal(200);\n  expect(response.body).to.have.property('usuarios');\n  expect(response.body).to.have.property('quantidade');\n  expect(response.duration).to.be.lessThan(17);\n  expect(response.body.quantidade).to.be.not.equal(0);\n});",
              "err": {
                "message": "AssertionError: expected 68 to be below 17",
                "estack": "AssertionError: expected 68 to be below 17\n    at Context.eval (http://localhost:3000/__cypress/tests?p=cypress\\integration\\exercicio-api.spec.js:173:39)",
                "diff": "- 68\n+ 17\n"
              },
              "uuid": "ebfd6189-8749-4f5f-84f0-f427518370a4",
              "parentUUID": "e35f4269-f59d-49c2-994e-1baa4ea9824f",
              "isHook": false,
              "skipped": false
            },
            {
              "title": "Deve cadastrar um usuário com sucesso",
              "fullTitle": "Testes da Funcionalidade Usuários Deve cadastrar um usuário com sucesso",
              "timedOut": null,
              "duration": 125,
              "state": "passed",
              "speed": "slow",
              "pass": true,
              "fail": false,
              "pending": false,
              "context": null,
              "code": "cy.request({\n  method: 'POST',\n  url: 'usuarios',\n  body: {\n    \"nome\": nome,\n    \"email\": email,\n    \"password\": \"teste\",\n    \"administrador\": \"true\"\n  }\n}).then(response => {\n  expect(response.status).to.equal(201);\n  expect(response.body.message).to.equal('Cadastro realizado com sucesso');\n  expect(response.body._id).to.be.not.equal(\"\");\n});",
              "err": {},
              "uuid": "ffbb5917-fb06-4c84-8b11-611b667c90e1",
              "parentUUID": "e35f4269-f59d-49c2-994e-1baa4ea9824f",
              "isHook": false,
              "skipped": false
            },
            {
              "title": "Deve validar um usuário com email inválido",
              "fullTitle": "Testes da Funcionalidade Usuários Deve validar um usuário com email inválido",
              "timedOut": null,
              "duration": 45,
              "state": "passed",
              "speed": "medium",
              "pass": true,
              "fail": false,
              "pending": false,
              "context": null,
              "code": "cy.request({\n  method: 'POST',\n  url: 'usuarios',\n  body: {\n    \"nome\": nome,\n    \"email\": \"nome.qa.com.br\",\n    \"password\": \"teste\",\n    \"administrador\": \"true\"\n  },\n  failOnStatusCode: false\n}).then(response => {\n  expect(response.status).to.equal(400);\n  expect(response.body.email).to.equal('email deve ser um email válido');\n  expect(response.duration).to.be.lessThan(20);\n});",
              "err": {},
              "uuid": "de9e8340-cff8-45e8-b92b-6d418722d195",
              "parentUUID": "e35f4269-f59d-49c2-994e-1baa4ea9824f",
              "isHook": false,
              "skipped": false
            },
            {
              "title": "Deve validar um usuário com email repetido",
              "fullTitle": "Testes da Funcionalidade Usuários Deve validar um usuário com email repetido",
              "timedOut": null,
              "duration": 41,
              "state": "passed",
              "speed": "medium",
              "pass": true,
              "fail": false,
              "pending": false,
              "context": null,
              "code": "cy.request({\n  method: 'POST',\n  url: 'usuarios',\n  body: {\n    \"nome\": nome,\n    \"email\": \"fernando.tester@qa.com\",\n    \"password\": \"teste\",\n    \"administrador\": \"true\"\n  },\n  failOnStatusCode: false\n}).then(response => {\n  expect(response.status).to.equal(400);\n  expect(response.body.message).to.equal('Este email já está sendo usado');\n  expect(response.duration).to.be.lessThan(20);\n});",
              "err": {},
              "uuid": "8c9a0c51-fb91-42a4-bd21-01a8576eea5e",
              "parentUUID": "e35f4269-f59d-49c2-994e-1baa4ea9824f",
              "isHook": false,
              "skipped": false
            },
            {
              "title": "Deve editar um usuário previamente cadastrado",
              "fullTitle": "Testes da Funcionalidade Usuários Deve editar um usuário previamente cadastrado",
              "timedOut": null,
              "duration": 76,
              "state": "passed",
              "speed": "slow",
              "pass": true,
              "fail": false,
              "pending": false,
              "context": null,
              "code": "cy.request({\n  method: 'POST',\n  url: 'usuarios',\n  body: {\n    \"nome\": \"Testador de PUT\",\n    \"email\": \"put@tester.com\",\n    \"password\": \"teste\",\n    \"administrador\": \"true\"\n  }\n}).then(response => {\n  let id = response.body._id;\n  cy.request({\n    method: 'PUT',\n    url: `usuarios/${id}`,\n    body: {\n      \"nome\": \"Alterei meu nome\",\n      \"email\": nome + \"@qa.com.br\",\n      \"password\": \"teste\",\n      \"administrador\": \"true\"\n    }\n  }).then(response => {\n    expect(response.body.message).to.equal('Registro alterado com sucesso');\n    expect(response.duration).to.be.lessThan(27);\n    expect(response.status).to.equal(200);\n  });\n});\nit('Deve deletar um usuário previamente cadastrado', () => {\n  cy.request({\n    method: 'POST',\n    url: 'usuarios',\n    body: {\n      \"nome\": \"Testador de DEL\",\n      \"email\": \"del@tester.com\",\n      \"password\": \"teste\",\n      \"administrador\": \"true\"\n    }\n  }).then(response => {\n    let id = response.body._id;\n    cy.request({\n      method: 'DELETE',\n      url: `usuarios/${id}`\n    }).then(response => {\n      expect(response.body.message).to.equal('Registro excluído com sucesso');\n      expect(response.status).to.equal(200);\n    });\n  });\n});",
              "err": {},
              "uuid": "888b8514-4c30-49c4-8102-752cc3c452dd",
              "parentUUID": "e35f4269-f59d-49c2-994e-1baa4ea9824f",
              "isHook": false,
              "skipped": false
            }
          ],
          "suites": [],
          "passes": [
            "763de0e5-5131-4171-ba52-74f929bb25e8",
            "ffbb5917-fb06-4c84-8b11-611b667c90e1",
            "de9e8340-cff8-45e8-b92b-6d418722d195",
            "8c9a0c51-fb91-42a4-bd21-01a8576eea5e",
            "888b8514-4c30-49c4-8102-752cc3c452dd"
          ],
          "failures": [
            "ebfd6189-8749-4f5f-84f0-f427518370a4"
          ],
          "pending": [],
          "skipped": [],
          "duration": 1584,
          "root": false,
          "rootEmpty": false,
          "_timeout": 2000
        }
      ],
      "passes": [],
      "failures": [],
      "pending": [],
      "skipped": [],
      "duration": 0,
      "root": true,
      "rootEmpty": true,
      "_timeout": 2000
    }
  ],
  "meta": {
    "mocha": {
      "version": "7.0.1"
    },
    "mochawesome": {
      "options": {
        "quiet": false,
        "reportFilename": "mochawesome",
        "saveHtml": false,
        "saveJson": true,
        "consoleReporter": "spec",
        "useInlineDiffs": false,
        "code": true
      },
      "version": "7.1.3"
    },
    "marge": {
      "options": {
        "reportDir": "mochawesome-report",
        "overwrite": false,
        "html": false,
        "json": true
      },
      "version": "6.2.0"
    }
  }
}