{
  "stats": {
    "suites": 1,
    "tests": 6,
    "passes": 6,
    "pending": 0,
    "failures": 0,
    "start": "2022-12-25T21:13:15.782Z",
    "end": "2022-12-25T21:13:17.580Z",
    "duration": 1798,
    "testsRegistered": 6,
    "passPercent": 100,
    "pendingPercent": 0,
    "other": 0,
    "hasOther": false,
    "skipped": 0,
    "hasSkipped": false
  },
  "results": [
    {
      "uuid": "9539a8f8-7603-4d42-ac0d-16187f5b5acd",
      "title": "",
      "fullFile": "cypress/integration/exercicio-api.spec.js",
      "file": "cypress/integration/exercicio-api.spec.js",
      "beforeHooks": [],
      "afterHooks": [],
      "tests": [],
      "suites": [
        {
          "uuid": "a039efad-04f4-488c-a754-6b6dba495d69",
          "title": "Testes da Funcionalidade Usuários",
          "fullFile": "",
          "file": "",
          "beforeHooks": [],
          "afterHooks": [],
          "tests": [
            {
              "title": "Deve validar contrato de usuários",
              "fullTitle": "Testes da Funcionalidade Usuários Deve validar contrato de usuários",
              "timedOut": null,
              "duration": 419,
              "state": "passed",
              "speed": "slow",
              "pass": true,
              "fail": false,
              "pending": false,
              "context": null,
              "code": "cy.request('usuarios').then(response => {\n  return _usuarios.default.validateAsync(response.body);\n});",
              "err": {},
              "uuid": "e10b1959-5442-49ba-a4fb-da1d6f6dce7d",
              "parentUUID": "a039efad-04f4-488c-a754-6b6dba495d69",
              "isHook": false,
              "skipped": false
            },
            {
              "title": "Deve listar usuários cadastrados",
              "fullTitle": "Testes da Funcionalidade Usuários Deve listar usuários cadastrados",
              "timedOut": null,
              "duration": 224,
              "state": "passed",
              "speed": "slow",
              "pass": true,
              "fail": false,
              "pending": false,
              "context": null,
              "code": "cy.request({\n  method: 'GET',\n  url: 'usuarios'\n}).then(response => {\n  expect(response.status).to.equal(200);\n  expect(response.body).to.have.property('usuarios');\n  expect(response.body).to.have.property('quantidade');\n  expect(response.duration).to.be.lessThan(200);\n  expect(response.body.quantidade).to.be.not.equal(0);\n});",
              "err": {},
              "uuid": "4e2675a2-ec96-419b-9c2c-14e628f4ea57",
              "parentUUID": "a039efad-04f4-488c-a754-6b6dba495d69",
              "isHook": false,
              "skipped": false
            },
            {
              "title": "Deve cadastrar um usuário com sucesso",
              "fullTitle": "Testes da Funcionalidade Usuários Deve cadastrar um usuário com sucesso",
              "timedOut": null,
              "duration": 281,
              "state": "passed",
              "speed": "slow",
              "pass": true,
              "fail": false,
              "pending": false,
              "context": null,
              "code": "cy.request({\n  method: 'POST',\n  url: 'usuarios',\n  body: {\n    \"nome\": nome,\n    \"email\": email,\n    \"password\": \"teste\",\n    \"administrador\": \"true\"\n  }\n}).then(response => {\n  expect(response.status).to.equal(201);\n  expect(response.body.message).to.equal('Cadastro realizado com sucesso');\n  expect(response.body._id).to.be.not.equal(\"\");\n});",
              "err": {},
              "uuid": "301347fe-9970-4070-b2b2-bc3386f73a74",
              "parentUUID": "a039efad-04f4-488c-a754-6b6dba495d69",
              "isHook": false,
              "skipped": false
            },
            {
              "title": "Deve validar um usuário com email inválido",
              "fullTitle": "Testes da Funcionalidade Usuários Deve validar um usuário com email inválido",
              "timedOut": null,
              "duration": 225,
              "state": "passed",
              "speed": "slow",
              "pass": true,
              "fail": false,
              "pending": false,
              "context": null,
              "code": "cy.request({\n  method: 'POST',\n  url: 'usuarios',\n  body: {\n    \"nome\": nome,\n    \"email\": \"nome.qa.com.br\",\n    \"password\": \"teste\",\n    \"administrador\": \"true\"\n  },\n  failOnStatusCode: false\n}).then(response => {\n  expect(response.status).to.equal(400);\n  expect(response.body.email).to.equal('email deve ser um email válido');\n  expect(response.duration).to.be.lessThan(200);\n});",
              "err": {},
              "uuid": "be0ebf4f-7402-4e46-afa5-a73ea531083c",
              "parentUUID": "a039efad-04f4-488c-a754-6b6dba495d69",
              "isHook": false,
              "skipped": false
            },
            {
              "title": "Deve validar um usuário com email repetido",
              "fullTitle": "Testes da Funcionalidade Usuários Deve validar um usuário com email repetido",
              "timedOut": null,
              "duration": 175,
              "state": "passed",
              "speed": "slow",
              "pass": true,
              "fail": false,
              "pending": false,
              "context": null,
              "code": "cy.request({\n  method: 'POST',\n  url: 'usuarios',\n  body: {\n    \"nome\": nome,\n    \"email\": \"fernando.tester@qa.com\",\n    \"password\": \"teste\",\n    \"administrador\": \"true\"\n  },\n  failOnStatusCode: false\n}).then(response => {\n  expect(response.status).to.equal(400);\n  expect(response.body.message).to.equal('Este email já está sendo usado');\n  expect(response.duration).to.be.lessThan(200);\n});",
              "err": {},
              "uuid": "06aa7d33-dc52-43eb-b269-b7f4d6b9c6b1",
              "parentUUID": "a039efad-04f4-488c-a754-6b6dba495d69",
              "isHook": false,
              "skipped": false
            },
            {
              "title": "Deve editar um usuário previamente cadastrado",
              "fullTitle": "Testes da Funcionalidade Usuários Deve editar um usuário previamente cadastrado",
              "timedOut": null,
              "duration": 245,
              "state": "passed",
              "speed": "slow",
              "pass": true,
              "fail": false,
              "pending": false,
              "context": null,
              "code": "cy.request({\n  method: 'POST',\n  url: 'usuarios',\n  body: {\n    \"nome\": \"Testador de PUT\",\n    \"email\": \"put@tester.com\",\n    \"password\": \"teste\",\n    \"administrador\": \"true\"\n  }\n}).then(response => {\n  let id = response.body._id;\n  cy.request({\n    method: 'PUT',\n    url: `usuarios/${id}`,\n    body: {\n      \"nome\": \"Alterei meu nome\",\n      \"email\": nome + \"@qa.com.br\",\n      \"password\": \"teste\",\n      \"administrador\": \"true\"\n    }\n  }).then(response => {\n    expect(response.body.message).to.equal('Registro alterado com sucesso');\n    expect(response.duration).to.be.lessThan(270);\n    expect(response.status).to.equal(200);\n  });\n});\nit('Deve deletar um usuário previamente cadastrado', () => {\n  cy.request({\n    method: 'POST',\n    url: 'usuarios',\n    body: {\n      \"nome\": \"Testador de DEL\",\n      \"email\": \"del@tester.com\",\n      \"password\": \"teste\",\n      \"administrador\": \"true\"\n    }\n  }).then(response => {\n    let id = response.body._id;\n    cy.request({\n      method: 'DELETE',\n      url: `usuarios/${id}`\n    }).then(response => {\n      expect(response.body.message).to.equal('Registro excluído com sucesso');\n      expect(response.status).to.equal(200);\n    });\n  });\n});",
              "err": {},
              "uuid": "54a22f6a-1f6c-4666-8952-dec89e9dbc94",
              "parentUUID": "a039efad-04f4-488c-a754-6b6dba495d69",
              "isHook": false,
              "skipped": false
            }
          ],
          "suites": [],
          "passes": [
            "e10b1959-5442-49ba-a4fb-da1d6f6dce7d",
            "4e2675a2-ec96-419b-9c2c-14e628f4ea57",
            "301347fe-9970-4070-b2b2-bc3386f73a74",
            "be0ebf4f-7402-4e46-afa5-a73ea531083c",
            "06aa7d33-dc52-43eb-b269-b7f4d6b9c6b1",
            "54a22f6a-1f6c-4666-8952-dec89e9dbc94"
          ],
          "failures": [],
          "pending": [],
          "skipped": [],
          "duration": 1569,
          "root": false,
          "rootEmpty": false,
          "_timeout": 2000
        }
      ],
      "passes": [],
      "failures": [],
      "pending": [],
      "skipped": [],
      "duration": 0,
      "root": true,
      "rootEmpty": true,
      "_timeout": 2000
    }
  ],
  "meta": {
    "mocha": {
      "version": "7.0.1"
    },
    "mochawesome": {
      "options": {
        "quiet": false,
        "reportFilename": "mochawesome",
        "saveHtml": false,
        "saveJson": true,
        "consoleReporter": "spec",
        "useInlineDiffs": false,
        "code": true
      },
      "version": "7.1.3"
    },
    "marge": {
      "options": {
        "reportDir": "mochawesome-report",
        "overwrite": false,
        "html": false,
        "json": true
      },
      "version": "6.2.0"
    }
  }
}