{
  "stats": {
    "suites": 1,
    "tests": 7,
    "passes": 6,
    "pending": 0,
    "failures": 1,
    "start": "2022-12-24T21:13:52.085Z",
    "end": "2022-12-24T21:13:53.437Z",
    "duration": 1352,
    "testsRegistered": 7,
    "passPercent": 85.71428571428571,
    "pendingPercent": 0,
    "other": 0,
    "hasOther": false,
    "skipped": 0,
    "hasSkipped": false
  },
  "results": [
    {
      "uuid": "5eadb429-e2bd-4430-98e8-4bcf5fca3e8a",
      "title": "",
      "fullFile": "cypress/integration/produtos.spec.js",
      "file": "cypress/integration/produtos.spec.js",
      "beforeHooks": [],
      "afterHooks": [],
      "tests": [],
      "suites": [
        {
          "uuid": "ddaa05e7-8cd4-44f9-83c9-d2764dbcb301",
          "title": "Testes da Funcionalidade Produtos",
          "fullFile": "",
          "file": "",
          "beforeHooks": [],
          "afterHooks": [],
          "tests": [
            {
              "title": "Deve validar contrato de produtos",
              "fullTitle": "Testes da Funcionalidade Produtos Deve validar contrato de produtos",
              "timedOut": null,
              "duration": 252,
              "state": "passed",
              "speed": "slow",
              "pass": true,
              "fail": false,
              "pending": false,
              "context": null,
              "code": "cy.request('produtos').then(response => {\n  return _produtos.default.validateAsync(response.body);\n});",
              "err": {},
              "uuid": "98419c97-27a5-41af-97b1-c36b864a9d04",
              "parentUUID": "ddaa05e7-8cd4-44f9-83c9-d2764dbcb301",
              "isHook": false,
              "skipped": false
            },
            {
              "title": "Deve listar os produtos cadastrados",
              "fullTitle": "Testes da Funcionalidade Produtos Deve listar os produtos cadastrados",
              "timedOut": null,
              "duration": 87,
              "state": "passed",
              "speed": "slow",
              "pass": true,
              "fail": false,
              "pending": false,
              "context": null,
              "code": "cy.request({\n  method: 'GET',\n  url: 'produtos'\n}).then(response => {\n  //expect(response.body.produtos[9].nome).to.equal('Produto EBAC 436746')\n  expect(response.status).to.equal(200);\n  expect(response.body).to.have.property('produtos');\n  expect(response.duration).to.be.lessThan(20);\n});",
              "err": {},
              "uuid": "eda5d086-8b53-4dac-a273-330d54445b6c",
              "parentUUID": "ddaa05e7-8cd4-44f9-83c9-d2764dbcb301",
              "isHook": false,
              "skipped": false
            },
            {
              "title": "Deve cadastrar um produto com sucesso",
              "fullTitle": "Testes da Funcionalidade Produtos Deve cadastrar um produto com sucesso",
              "timedOut": null,
              "duration": 86,
              "state": "passed",
              "speed": "slow",
              "pass": true,
              "fail": false,
              "pending": false,
              "context": null,
              "code": "let produto = `Produto EBAC ${Math.floor(Math.random() * 100000000)}`;\ncy.request({\n  method: 'POST',\n  url: 'produtos',\n  body: {\n    \"nome\": produto,\n    \"preco\": 200,\n    \"descricao\": \"Produto novo\",\n    \"quantidade\": 100\n  },\n  headers: {\n    authorization: token\n  }\n}).then(response => {\n  expect(response.status).to.equal(201);\n  expect(response.body.message).to.equal('Cadastro realizado com sucesso');\n});",
              "err": {},
              "uuid": "ae23efdf-5861-40fe-a68e-6d44031650ae",
              "parentUUID": "ddaa05e7-8cd4-44f9-83c9-d2764dbcb301",
              "isHook": false,
              "skipped": false
            },
            {
              "title": "Deve validar mensagem de erro ao cadastrar produto repetido",
              "fullTitle": "Testes da Funcionalidade Produtos Deve validar mensagem de erro ao cadastrar produto repetido",
              "timedOut": null,
              "duration": 522,
              "state": "failed",
              "speed": null,
              "pass": false,
              "fail": true,
              "pending": false,
              "context": null,
              "code": "cy.cadastrarProduto(token, 'Produto EBAC Novo 1', 250, \"Descrição do produto novo\", 180).then(response => {\n  expect(response.status).to.equal(400);\n  expect(response.body.message).to.equal('Já existe produto com esse nome');\n});",
              "err": {
                "message": "AssertionError: expected 201 to equal 400",
                "estack": "AssertionError: expected 201 to equal 400\n    at Context.eval (http://localhost:3000/__cypress/tests?p=cypress\\integration\\produtos.spec.js:212:34)",
                "diff": "- 201\n+ 400\n"
              },
              "uuid": "c13794fc-5c98-4a30-bd7d-411e5db46fb5",
              "parentUUID": "ddaa05e7-8cd4-44f9-83c9-d2764dbcb301",
              "isHook": false,
              "skipped": false
            },
            {
              "title": "Deve editar um produto já cadastrado",
              "fullTitle": "Testes da Funcionalidade Produtos Deve editar um produto já cadastrado",
              "timedOut": null,
              "duration": 99,
              "state": "passed",
              "speed": "slow",
              "pass": true,
              "fail": false,
              "pending": false,
              "context": null,
              "code": "cy.request('produtos').then(response => {\n  let id = response.body.produtos[0]._id;\n  cy.request({\n    method: 'PUT',\n    url: `produtos/${id}`,\n    headers: {\n      authorization: token\n    },\n    body: {\n      \"nome\": response.body.produtos[0].nome + \"_new\",\n      \"preco\": 100,\n      \"descricao\": \"Produto editado\",\n      \"quantidade\": 100\n    }\n  }).then(response => {\n    expect(response.body.message).to.equal('Registro alterado com sucesso');\n  });\n});",
              "err": {},
              "uuid": "94baa715-7c24-4f6d-9bbb-22dd9b066b47",
              "parentUUID": "ddaa05e7-8cd4-44f9-83c9-d2764dbcb301",
              "isHook": false,
              "skipped": false
            },
            {
              "title": "Deve editar um produto cadastrado previamente",
              "fullTitle": "Testes da Funcionalidade Produtos Deve editar um produto cadastrado previamente",
              "timedOut": null,
              "duration": 82,
              "state": "passed",
              "speed": "slow",
              "pass": true,
              "fail": false,
              "pending": false,
              "context": null,
              "code": "let produto = `Produto EBAC ${Math.floor(Math.random() * 100000000)}`;\ncy.cadastrarProduto(token, produto, 250, \"Descrição do produto novo\", 180).then(response => {\n  let id = response.body._id;\n  cy.request({\n    method: 'PUT',\n    url: `produtos/${id}`,\n    headers: {\n      authorization: token\n    },\n    body: {\n      \"nome\": `Produto alterado PUT ${Math.floor(Math.random() * 100000000)}`,\n      \"preco\": 200,\n      \"descricao\": \"Produto editado\",\n      \"quantidade\": 300\n    }\n  }).then(response => {\n    expect(response.body.message).to.equal('Registro alterado com sucesso');\n  });\n});",
              "err": {},
              "uuid": "bc2c012d-4425-47a1-befc-d7ae0c1f624a",
              "parentUUID": "ddaa05e7-8cd4-44f9-83c9-d2764dbcb301",
              "isHook": false,
              "skipped": false
            },
            {
              "title": "Deve deletar um produto previamente cadastrado",
              "fullTitle": "Testes da Funcionalidade Produtos Deve deletar um produto previamente cadastrado",
              "timedOut": null,
              "duration": 85,
              "state": "passed",
              "speed": "slow",
              "pass": true,
              "fail": false,
              "pending": false,
              "context": null,
              "code": "let produto = `Produto EBAC ${Math.floor(Math.random() * 100000000)}`;\ncy.cadastrarProduto(token, produto, 250, \"Descrição do produto novo\", 180).then(response => {\n  let id = response.body._id;\n  cy.request({\n    method: 'DELETE',\n    url: `produtos/${id}`,\n    headers: {\n      authorization: token\n    }\n  }).then(response => {\n    expect(response.body.message).to.equal('Registro excluído com sucesso');\n    expect(response.status).to.equal(200);\n  });\n});",
              "err": {},
              "uuid": "a28998aa-21ea-42d5-b49d-433b8458e3da",
              "parentUUID": "ddaa05e7-8cd4-44f9-83c9-d2764dbcb301",
              "isHook": false,
              "skipped": false
            }
          ],
          "suites": [],
          "passes": [
            "98419c97-27a5-41af-97b1-c36b864a9d04",
            "eda5d086-8b53-4dac-a273-330d54445b6c",
            "ae23efdf-5861-40fe-a68e-6d44031650ae",
            "94baa715-7c24-4f6d-9bbb-22dd9b066b47",
            "bc2c012d-4425-47a1-befc-d7ae0c1f624a",
            "a28998aa-21ea-42d5-b49d-433b8458e3da"
          ],
          "failures": [
            "c13794fc-5c98-4a30-bd7d-411e5db46fb5"
          ],
          "pending": [],
          "skipped": [],
          "duration": 1213,
          "root": false,
          "rootEmpty": false,
          "_timeout": 2000
        }
      ],
      "passes": [],
      "failures": [],
      "pending": [],
      "skipped": [],
      "duration": 0,
      "root": true,
      "rootEmpty": true,
      "_timeout": 2000
    }
  ],
  "meta": {
    "mocha": {
      "version": "7.0.1"
    },
    "mochawesome": {
      "options": {
        "quiet": false,
        "reportFilename": "mochawesome",
        "saveHtml": false,
        "saveJson": true,
        "consoleReporter": "spec",
        "useInlineDiffs": false,
        "code": true
      },
      "version": "7.1.3"
    },
    "marge": {
      "options": {
        "reportDir": "mochawesome-report",
        "overwrite": false,
        "html": false,
        "json": true
      },
      "version": "6.2.0"
    }
  }
}